2014/03/24 13:57:17 [error] [php] include(TbArray.php): failed to open stream: No such file or directory (C:\Apache2\htdocs\yii\framework\YiiBase.php:418)
Stack trace:
#0 C:\Apache2\htdocs\projects\chickboy\protected\extensions\bootstrap\helpers\TbHtml.php(3560): spl_autoload_call()
#1 C:\Apache2\htdocs\projects\chickboy\protected\extensions\bootstrap\widgets\TbHeroUnit.php(60): heroUnit()
#2 C:\Apache2\htdocs\yii\framework\web\CBaseController.php(207): TbHeroUnit->run()
#3 C:\Apache2\htdocs\projects\chickboy\themes\bootstrap\views\site\index.php(13): SiteController->endWidget()
#4 C:\Apache2\htdocs\yii\framework\web\CBaseController.php(127): require()
#5 C:\Apache2\htdocs\yii\framework\web\CBaseController.php(96): SiteController->renderInternal()
#6 C:\Apache2\htdocs\yii\framework\web\CController.php(870): SiteController->renderFile()
#7 C:\Apache2\htdocs\yii\framework\web\CController.php(783): SiteController->renderPartial()
#8 C:\Apache2\htdocs\projects\chickboy\protected\controllers\SiteController.php(32): SiteController->render()
#9 C:\Apache2\htdocs\yii\framework\web\actions\CInlineAction.php(50): SiteController->actionIndex()
#10 C:\Apache2\htdocs\yii\framework\web\CController.php(309): CInlineAction->runWithParams()
#11 C:\Apache2\htdocs\yii\framework\web\CController.php(287): SiteController->runAction()
#12 C:\Apache2\htdocs\yii\framework\web\CController.php(266): SiteController->runActionWithFilters()
#13 C:\Apache2\htdocs\yii\framework\web\CWebApplication.php(276): SiteController->run()
#14 C:\Apache2\htdocs\yii\framework\web\CWebApplication.php(135): CWebApplication->runController()
#15 C:\Apache2\htdocs\yii\framework\base\CApplication.php(162): CWebApplication->processRequest()
#16 C:\Apache2\htdocs\projects\chickboy\index.php(13): CWebApplication->run()
REQUEST_URI=/projects/chickboy/
in C:\Apache2\htdocs\projects\chickboy\protected\extensions\bootstrap\helpers\TbHtml.php (3560)
in C:\Apache2\htdocs\projects\chickboy\protected\extensions\bootstrap\widgets\TbHeroUnit.php (60)
in C:\Apache2\htdocs\projects\chickboy\themes\bootstrap\views\site\index.php (13)
2014/03/24 15:08:04 [error] [php] include(TbArray.php): failed to open stream: No such file or directory (C:\Apache2\htdocs\yii\framework\YiiBase.php:418)
Stack trace:
#0 C:\Apache2\htdocs\projects\chickboy\protected\extensions\bootstrap\helpers\TbHtml.php(3560): spl_autoload_call()
#1 C:\Apache2\htdocs\projects\chickboy\protected\extensions\bootstrap\widgets\TbHeroUnit.php(60): heroUnit()
#2 C:\Apache2\htdocs\yii\framework\web\CBaseController.php(207): TbHeroUnit->run()
#3 C:\Apache2\htdocs\projects\chickboy\themes\bootstrap\views\site\index.php(13): SiteController->endWidget()
#4 C:\Apache2\htdocs\yii\framework\web\CBaseController.php(127): require()
#5 C:\Apache2\htdocs\yii\framework\web\CBaseController.php(96): SiteController->renderInternal()
#6 C:\Apache2\htdocs\yii\framework\web\CController.php(870): SiteController->renderFile()
#7 C:\Apache2\htdocs\yii\framework\web\CController.php(783): SiteController->renderPartial()
#8 C:\Apache2\htdocs\projects\chickboy\protected\controllers\SiteController.php(32): SiteController->render()
#9 C:\Apache2\htdocs\yii\framework\web\actions\CInlineAction.php(50): SiteController->actionIndex()
#10 C:\Apache2\htdocs\yii\framework\web\CController.php(309): CInlineAction->runWithParams()
#11 C:\Apache2\htdocs\yii\framework\web\CController.php(287): SiteController->runAction()
#12 C:\Apache2\htdocs\yii\framework\web\CController.php(266): SiteController->runActionWithFilters()
#13 C:\Apache2\htdocs\yii\framework\web\CWebApplication.php(276): SiteController->run()
#14 C:\Apache2\htdocs\yii\framework\web\CWebApplication.php(135): CWebApplication->runController()
#15 C:\Apache2\htdocs\yii\framework\base\CApplication.php(162): CWebApplication->processRequest()
#16 C:\Apache2\htdocs\projects\chickboy\index.php(13): CWebApplication->run()
REQUEST_URI=/projects/chickboy/
in C:\Apache2\htdocs\projects\chickboy\protected\extensions\bootstrap\helpers\TbHtml.php (3560)
in C:\Apache2\htdocs\projects\chickboy\protected\extensions\bootstrap\widgets\TbHeroUnit.php (60)
in C:\Apache2\htdocs\projects\chickboy\themes\bootstrap\views\site\index.php (13)
2014/03/24 15:09:48 [error] [php] include(TbArray.php): failed to open stream: No such file or directory (C:\Apache2\htdocs\yii\framework\YiiBase.php:418)
Stack trace:
#0 C:\Apache2\htdocs\projects\chickboy\protected\extensions\bootstrap\helpers\TbHtml.php(3560): spl_autoload_call()
#1 C:\Apache2\htdocs\projects\chickboy\protected\extensions\bootstrap\widgets\TbHeroUnit.php(60): heroUnit()
#2 C:\Apache2\htdocs\yii\framework\web\CBaseController.php(207): TbHeroUnit->run()
#3 C:\Apache2\htdocs\projects\chickboy\themes\bootstrap\views\site\index.php(13): SiteController->endWidget()
#4 C:\Apache2\htdocs\yii\framework\web\CBaseController.php(127): require()
#5 C:\Apache2\htdocs\yii\framework\web\CBaseController.php(96): SiteController->renderInternal()
#6 C:\Apache2\htdocs\yii\framework\web\CController.php(870): SiteController->renderFile()
#7 C:\Apache2\htdocs\yii\framework\web\CController.php(783): SiteController->renderPartial()
#8 C:\Apache2\htdocs\projects\chickboy\protected\controllers\SiteController.php(32): SiteController->render()
#9 C:\Apache2\htdocs\yii\framework\web\actions\CInlineAction.php(50): SiteController->actionIndex()
#10 C:\Apache2\htdocs\yii\framework\web\CController.php(309): CInlineAction->runWithParams()
#11 C:\Apache2\htdocs\yii\framework\web\CController.php(287): SiteController->runAction()
#12 C:\Apache2\htdocs\yii\framework\web\CController.php(266): SiteController->runActionWithFilters()
#13 C:\Apache2\htdocs\yii\framework\web\CWebApplication.php(276): SiteController->run()
#14 C:\Apache2\htdocs\yii\framework\web\CWebApplication.php(135): CWebApplication->runController()
#15 C:\Apache2\htdocs\yii\framework\base\CApplication.php(162): CWebApplication->processRequest()
#16 C:\Apache2\htdocs\projects\chickboy\index.php(13): CWebApplication->run()
REQUEST_URI=/projects/chickboy/
in C:\Apache2\htdocs\projects\chickboy\protected\extensions\bootstrap\helpers\TbHtml.php (3560)
in C:\Apache2\htdocs\projects\chickboy\protected\extensions\bootstrap\widgets\TbHeroUnit.php (60)
in C:\Apache2\htdocs\projects\chickboy\themes\bootstrap\views\site\index.php (13)
2014/03/24 15:12:14 [error] [php] include(TbArray.php): failed to open stream: No such file or directory (C:\Apache2\htdocs\yii\framework\YiiBase.php:418)
Stack trace:
#0 C:\Apache2\htdocs\projects\chickboy\protected\extensions\bootstrap\helpers\TbHtml.php(3560): spl_autoload_call()
#1 C:\Apache2\htdocs\projects\chickboy\protected\extensions\bootstrap\widgets\TbHeroUnit.php(60): heroUnit()
#2 C:\Apache2\htdocs\yii\framework\web\CBaseController.php(174): TbHeroUnit->run()
#3 C:\Apache2\htdocs\projects\chickboy\themes\bootstrap\views\site\index.php(9): SiteController->widget()
#4 C:\Apache2\htdocs\yii\framework\web\CBaseController.php(127): require()
#5 C:\Apache2\htdocs\yii\framework\web\CBaseController.php(96): SiteController->renderInternal()
#6 C:\Apache2\htdocs\yii\framework\web\CController.php(870): SiteController->renderFile()
#7 C:\Apache2\htdocs\yii\framework\web\CController.php(783): SiteController->renderPartial()
#8 C:\Apache2\htdocs\projects\chickboy\protected\controllers\SiteController.php(32): SiteController->render()
#9 C:\Apache2\htdocs\yii\framework\web\actions\CInlineAction.php(50): SiteController->actionIndex()
#10 C:\Apache2\htdocs\yii\framework\web\CController.php(309): CInlineAction->runWithParams()
#11 C:\Apache2\htdocs\yii\framework\web\CController.php(287): SiteController->runAction()
#12 C:\Apache2\htdocs\yii\framework\web\CController.php(266): SiteController->runActionWithFilters()
#13 C:\Apache2\htdocs\yii\framework\web\CWebApplication.php(276): SiteController->run()
#14 C:\Apache2\htdocs\yii\framework\web\CWebApplication.php(135): CWebApplication->runController()
#15 C:\Apache2\htdocs\yii\framework\base\CApplication.php(162): CWebApplication->processRequest()
#16 C:\Apache2\htdocs\projects\chickboy\index.php(13): CWebApplication->run()
REQUEST_URI=/projects/chickboy/
in C:\Apache2\htdocs\projects\chickboy\protected\extensions\bootstrap\helpers\TbHtml.php (3560)
in C:\Apache2\htdocs\projects\chickboy\protected\extensions\bootstrap\widgets\TbHeroUnit.php (60)
in C:\Apache2\htdocs\projects\chickboy\themes\bootstrap\views\site\index.php (9)
2014/03/24 15:12:48 [error] [php] include(TbArray.php): failed to open stream: No such file or directory (C:\Apache2\htdocs\yii\framework\YiiBase.php:418)
Stack trace:
#0 C:\Apache2\htdocs\projects\chickboy\protected\extensions\bootstrap\helpers\TbHtml.php(2534): spl_autoload_call()
#1 C:\Apache2\htdocs\projects\chickboy\protected\extensions\bootstrap\helpers\TbHtml.php(2426): btn()
#2 C:\Apache2\htdocs\projects\chickboy\protected\extensions\bootstrap\helpers\TbHtml.php(2415): htmlButton()
#3 C:\Apache2\htdocs\projects\chickboy\themes\bootstrap\views\site\index.php(9): button()
#4 C:\Apache2\htdocs\yii\framework\web\CBaseController.php(127): require()
#5 C:\Apache2\htdocs\yii\framework\web\CBaseController.php(96): SiteController->renderInternal()
#6 C:\Apache2\htdocs\yii\framework\web\CController.php(870): SiteController->renderFile()
#7 C:\Apache2\htdocs\yii\framework\web\CController.php(783): SiteController->renderPartial()
#8 C:\Apache2\htdocs\projects\chickboy\protected\controllers\SiteController.php(32): SiteController->render()
#9 C:\Apache2\htdocs\yii\framework\web\actions\CInlineAction.php(50): SiteController->actionIndex()
#10 C:\Apache2\htdocs\yii\framework\web\CController.php(309): CInlineAction->runWithParams()
#11 C:\Apache2\htdocs\yii\framework\web\CController.php(287): SiteController->runAction()
#12 C:\Apache2\htdocs\yii\framework\web\CController.php(266): SiteController->runActionWithFilters()
#13 C:\Apache2\htdocs\yii\framework\web\CWebApplication.php(276): SiteController->run()
#14 C:\Apache2\htdocs\yii\framework\web\CWebApplication.php(135): CWebApplication->runController()
#15 C:\Apache2\htdocs\yii\framework\base\CApplication.php(162): CWebApplication->processRequest()
#16 C:\Apache2\htdocs\projects\chickboy\index.php(13): CWebApplication->run()
REQUEST_URI=/projects/chickboy/
in C:\Apache2\htdocs\projects\chickboy\protected\extensions\bootstrap\helpers\TbHtml.php (2534)
in C:\Apache2\htdocs\projects\chickboy\protected\extensions\bootstrap\helpers\TbHtml.php (2426)
in C:\Apache2\htdocs\projects\chickboy\protected\extensions\bootstrap\helpers\TbHtml.php (2415)
2014/03/24 15:17:27 [error] [php] include(TbArray.php): failed to open stream: No such file or directory (C:\Apache2\htdocs\yii\framework\YiiBase.php:418)
Stack trace:
#0 C:\Apache2\htdocs\projects\chickboy\protected\extensions\bootstrap\widgets\TbNavbar.php(75): spl_autoload_call()
#1 C:\Apache2\htdocs\yii\framework\web\CBaseController.php(148): TbNavbar->init()
#2 C:\Apache2\htdocs\yii\framework\web\CBaseController.php(173): SiteController->createWidget()
#3 C:\Apache2\htdocs\projects\chickboy\protected\views\layouts\main.php(30): SiteController->widget()
#4 C:\Apache2\htdocs\yii\framework\web\CBaseController.php(127): require()
#5 C:\Apache2\htdocs\yii\framework\web\CBaseController.php(96): SiteController->renderInternal()
#6 C:\Apache2\htdocs\yii\framework\web\widgets\CContentDecorator.php(77): SiteController->renderFile()
#7 C:\Apache2\htdocs\yii\framework\web\widgets\CContentDecorator.php(55): CContentDecorator->decorate()
#8 C:\Apache2\htdocs\yii\framework\web\widgets\COutputProcessor.php(45): CContentDecorator->processOutput()
#9 C:\Apache2\htdocs\yii\framework\web\CBaseController.php(207): CContentDecorator->run()
#10 C:\Apache2\htdocs\yii\framework\web\CBaseController.php(301): SiteController->endWidget()
#11 C:\Apache2\htdocs\projects\chickboy\protected\views\layouts\column1.php(5): SiteController->endContent()
#12 C:\Apache2\htdocs\yii\framework\web\CBaseController.php(127): require()
#13 C:\Apache2\htdocs\yii\framework\web\CBaseController.php(96): SiteController->renderInternal()
#14 C:\Apache2\htdocs\yii\framework\web\CController.php(785): SiteController->renderFile()
#15 C:\Apache2\htdocs\projects\chickboy\protected\controllers\SiteController.php(32): SiteController->render()
#16 C:\Apache2\htdocs\yii\framework\web\actions\CInlineAction.php(50): SiteController->actionIndex()
#17 C:\Apache2\htdocs\yii\framework\web\CController.php(309): CInlineAction->runWithParams()
#18 C:\Apache2\htdocs\yii\framework\web\CController.php(287): SiteController->runAction()
#19 C:\Apache2\htdocs\yii\framework\web\CController.php(266): SiteController->runActionWithFilters()
#20 C:\Apache2\htdocs\yii\framework\web\CWebApplication.php(276): SiteController->run()
#21 C:\Apache2\htdocs\yii\framework\web\CWebApplication.php(135): CWebApplication->runController()
#22 C:\Apache2\htdocs\yii\framework\base\CApplication.php(162): CWebApplication->processRequest()
#23 C:\Apache2\htdocs\projects\chickboy\index.php(13): CWebApplication->run()
REQUEST_URI=/projects/chickboy/
in C:\Apache2\htdocs\projects\chickboy\protected\extensions\bootstrap\widgets\TbNavbar.php (75)
in C:\Apache2\htdocs\projects\chickboy\protected\views\layouts\main.php (30)
in C:\Apache2\htdocs\projects\chickboy\protected\views\layouts\column1.php (5)
2014/03/24 15:18:06 [error] [exception.CException] exception 'CException' with message 'Alias "bootstrap.widgets.TbBreadcrumbs" is invalid. Make sure it points to an existing PHP file.' in C:\Apache2\htdocs\yii\framework\YiiBase.php:318
Stack trace:
#0 C:\Apache2\htdocs\yii\framework\web\CWidgetFactory.php(147): YiiBase::import('bootstrap.widge...', true)
#1 C:\Apache2\htdocs\yii\framework\web\CBaseController.php(147): CWidgetFactory->createWidget(Object(SiteController), 'bootstrap.widge...', Array)
#2 C:\Apache2\htdocs\yii\framework\web\CBaseController.php(173): CBaseController->createWidget('bootstrap.widge...', Array)
#3 C:\Apache2\htdocs\projects\chickboy\protected\views\layouts\main.php(41): CBaseController->widget('bootstrap.widge...', Array)
#4 C:\Apache2\htdocs\yii\framework\web\CBaseController.php(127): require('C:\Apache2\htdo...')
#5 C:\Apache2\htdocs\yii\framework\web\CBaseController.php(96): CBaseController->renderInternal('C:\Apache2\htdo...', Array, true)
#6 C:\Apache2\htdocs\yii\framework\web\widgets\CContentDecorator.php(77): CBaseController->renderFile('C:\Apache2\htdo...', Array, true)
#7 C:\Apache2\htdocs\yii\framework\web\widgets\CContentDecorator.php(55): CContentDecorator->decorate('<div id="conten...')
#8 C:\Apache2\htdocs\yii\framework\web\widgets\COutputProcessor.php(45): CContentDecorator->processOutput('<div id="conten...')
#9 C:\Apache2\htdocs\yii\framework\web\CBaseController.php(207): COutputProcessor->run()
#10 C:\Apache2\htdocs\yii\framework\web\CBaseController.php(301): CBaseController->endWidget('CContentDecorat...')
#11 C:\Apache2\htdocs\projects\chickboy\protected\views\layouts\column1.php(5): CBaseController->endContent()
#12 C:\Apache2\htdocs\yii\framework\web\CBaseController.php(127): require('C:\Apache2\htdo...')
#13 C:\Apache2\htdocs\yii\framework\web\CBaseController.php(96): CBaseController->renderInternal('C:\Apache2\htdo...', Array, true)
#14 C:\Apache2\htdocs\yii\framework\web\CController.php(785): CBaseController->renderFile('C:\Apache2\htdo...', Array, true)
#15 C:\Apache2\htdocs\projects\chickboy\protected\controllers\SiteController.php(32): CController->render('index')
#16 C:\Apache2\htdocs\yii\framework\web\actions\CInlineAction.php(50): SiteController->actionIndex()
#17 C:\Apache2\htdocs\yii\framework\web\CController.php(309): CInlineAction->runWithParams(Array)
#18 C:\Apache2\htdocs\yii\framework\web\CController.php(287): CController->runAction(Object(CInlineAction))
#19 C:\Apache2\htdocs\yii\framework\web\CController.php(266): CController->runActionWithFilters(Object(CInlineAction), Array)
#20 C:\Apache2\htdocs\yii\framework\web\CWebApplication.php(276): CController->run('')
#21 C:\Apache2\htdocs\yii\framework\web\CWebApplication.php(135): CWebApplication->runController('')
#22 C:\Apache2\htdocs\yii\framework\base\CApplication.php(162): CWebApplication->processRequest()
#23 C:\Apache2\htdocs\projects\chickboy\index.php(13): CApplication->run()
#24 {main}
REQUEST_URI=/projects/chickboy/
---
2014/03/24 15:18:21 [error] [exception.CException] exception 'CException' with message 'Alias "bootstrap.widgets.TbBreadcrumbs" is invalid. Make sure it points to an existing PHP file.' in C:\Apache2\htdocs\yii\framework\YiiBase.php:318
Stack trace:
#0 C:\Apache2\htdocs\yii\framework\web\CWidgetFactory.php(147): YiiBase::import('bootstrap.widge...', true)
#1 C:\Apache2\htdocs\yii\framework\web\CBaseController.php(147): CWidgetFactory->createWidget(Object(SiteController), 'bootstrap.widge...', Array)
#2 C:\Apache2\htdocs\yii\framework\web\CBaseController.php(173): CBaseController->createWidget('bootstrap.widge...', Array)
#3 C:\Apache2\htdocs\projects\chickboy\protected\views\layouts\main.php(41): CBaseController->widget('bootstrap.widge...', Array)
#4 C:\Apache2\htdocs\yii\framework\web\CBaseController.php(127): require('C:\Apache2\htdo...')
#5 C:\Apache2\htdocs\yii\framework\web\CBaseController.php(96): CBaseController->renderInternal('C:\Apache2\htdo...', Array, true)
#6 C:\Apache2\htdocs\yii\framework\web\widgets\CContentDecorator.php(77): CBaseController->renderFile('C:\Apache2\htdo...', Array, true)
#7 C:\Apache2\htdocs\yii\framework\web\widgets\CContentDecorator.php(55): CContentDecorator->decorate('<div id="conten...')
#8 C:\Apache2\htdocs\yii\framework\web\widgets\COutputProcessor.php(45): CContentDecorator->processOutput('<div id="conten...')
#9 C:\Apache2\htdocs\yii\framework\web\CBaseController.php(207): COutputProcessor->run()
#10 C:\Apache2\htdocs\yii\framework\web\CBaseController.php(301): CBaseController->endWidget('CContentDecorat...')
#11 C:\Apache2\htdocs\projects\chickboy\protected\views\layouts\column1.php(5): CBaseController->endContent()
#12 C:\Apache2\htdocs\yii\framework\web\CBaseController.php(127): require('C:\Apache2\htdo...')
#13 C:\Apache2\htdocs\yii\framework\web\CBaseController.php(96): CBaseController->renderInternal('C:\Apache2\htdo...', Array, true)
#14 C:\Apache2\htdocs\yii\framework\web\CController.php(785): CBaseController->renderFile('C:\Apache2\htdo...', Array, true)
#15 C:\Apache2\htdocs\projects\chickboy\protected\controllers\SiteController.php(32): CController->render('index')
#16 C:\Apache2\htdocs\yii\framework\web\actions\CInlineAction.php(50): SiteController->actionIndex()
#17 C:\Apache2\htdocs\yii\framework\web\CController.php(309): CInlineAction->runWithParams(Array)
#18 C:\Apache2\htdocs\yii\framework\web\CController.php(287): CController->runAction(Object(CInlineAction))
#19 C:\Apache2\htdocs\yii\framework\web\CController.php(266): CController->runActionWithFilters(Object(CInlineAction), Array)
#20 C:\Apache2\htdocs\yii\framework\web\CWebApplication.php(276): CController->run('')
#21 C:\Apache2\htdocs\yii\framework\web\CWebApplication.php(135): CWebApplication->runController('')
#22 C:\Apache2\htdocs\yii\framework\base\CApplication.php(162): CWebApplication->processRequest()
#23 C:\Apache2\htdocs\projects\chickboy\index.php(13): CApplication->run()
#24 {main}
REQUEST_URI=/projects/chickboy/
---
2014/03/24 15:18:23 [error] [exception.CException] exception 'CException' with message 'Alias "bootstrap.widgets.TbBreadcrumbs" is invalid. Make sure it points to an existing PHP file.' in C:\Apache2\htdocs\yii\framework\YiiBase.php:318
Stack trace:
#0 C:\Apache2\htdocs\yii\framework\web\CWidgetFactory.php(147): YiiBase::import('bootstrap.widge...', true)
#1 C:\Apache2\htdocs\yii\framework\web\CBaseController.php(147): CWidgetFactory->createWidget(Object(SiteController), 'bootstrap.widge...', Array)
#2 C:\Apache2\htdocs\yii\framework\web\CBaseController.php(173): CBaseController->createWidget('bootstrap.widge...', Array)
#3 C:\Apache2\htdocs\projects\chickboy\protected\views\layouts\main.php(41): CBaseController->widget('bootstrap.widge...', Array)
#4 C:\Apache2\htdocs\yii\framework\web\CBaseController.php(127): require('C:\Apache2\htdo...')
#5 C:\Apache2\htdocs\yii\framework\web\CBaseController.php(96): CBaseController->renderInternal('C:\Apache2\htdo...', Array, true)
#6 C:\Apache2\htdocs\yii\framework\web\widgets\CContentDecorator.php(77): CBaseController->renderFile('C:\Apache2\htdo...', Array, true)
#7 C:\Apache2\htdocs\yii\framework\web\widgets\CContentDecorator.php(55): CContentDecorator->decorate('<div id="conten...')
#8 C:\Apache2\htdocs\yii\framework\web\widgets\COutputProcessor.php(45): CContentDecorator->processOutput('<div id="conten...')
#9 C:\Apache2\htdocs\yii\framework\web\CBaseController.php(207): COutputProcessor->run()
#10 C:\Apache2\htdocs\yii\framework\web\CBaseController.php(301): CBaseController->endWidget('CContentDecorat...')
#11 C:\Apache2\htdocs\projects\chickboy\protected\views\layouts\column1.php(5): CBaseController->endContent()
#12 C:\Apache2\htdocs\yii\framework\web\CBaseController.php(127): require('C:\Apache2\htdo...')
#13 C:\Apache2\htdocs\yii\framework\web\CBaseController.php(96): CBaseController->renderInternal('C:\Apache2\htdo...', Array, true)
#14 C:\Apache2\htdocs\yii\framework\web\CController.php(785): CBaseController->renderFile('C:\Apache2\htdo...', Array, true)
#15 C:\Apache2\htdocs\projects\chickboy\protected\controllers\SiteController.php(32): CController->render('index')
#16 C:\Apache2\htdocs\yii\framework\web\actions\CInlineAction.php(50): SiteController->actionIndex()
#17 C:\Apache2\htdocs\yii\framework\web\CController.php(309): CInlineAction->runWithParams(Array)
#18 C:\Apache2\htdocs\yii\framework\web\CController.php(287): CController->runAction(Object(CInlineAction))
#19 C:\Apache2\htdocs\yii\framework\web\CController.php(266): CController->runActionWithFilters(Object(CInlineAction), Array)
#20 C:\Apache2\htdocs\yii\framework\web\CWebApplication.php(276): CController->run('')
#21 C:\Apache2\htdocs\yii\framework\web\CWebApplication.php(135): CWebApplication->runController('')
#22 C:\Apache2\htdocs\yii\framework\base\CApplication.php(162): CWebApplication->processRequest()
#23 C:\Apache2\htdocs\projects\chickboy\index.php(13): CApplication->run()
#24 {main}
REQUEST_URI=/projects/chickboy/
---
2014/03/24 15:19:45 [error] [php] include(TbArray.php): failed to open stream: No such file or directory (C:\Apache2\htdocs\yii\framework\YiiBase.php:418)
Stack trace:
#0 C:\Apache2\htdocs\projects\chickboy\protected\extensions\bootstrap\widgets\TbNavbar.php(75): spl_autoload_call()
#1 C:\Apache2\htdocs\yii\framework\web\CBaseController.php(148): TbNavbar->init()
#2 C:\Apache2\htdocs\yii\framework\web\CBaseController.php(173): SiteController->createWidget()
#3 C:\Apache2\htdocs\projects\chickboy\protected\views\layouts\main.php(31): SiteController->widget()
#4 C:\Apache2\htdocs\yii\framework\web\CBaseController.php(127): require()
#5 C:\Apache2\htdocs\yii\framework\web\CBaseController.php(96): SiteController->renderInternal()
#6 C:\Apache2\htdocs\yii\framework\web\widgets\CContentDecorator.php(77): SiteController->renderFile()
#7 C:\Apache2\htdocs\yii\framework\web\widgets\CContentDecorator.php(55): CContentDecorator->decorate()
#8 C:\Apache2\htdocs\yii\framework\web\widgets\COutputProcessor.php(45): CContentDecorator->processOutput()
#9 C:\Apache2\htdocs\yii\framework\web\CBaseController.php(207): CContentDecorator->run()
#10 C:\Apache2\htdocs\yii\framework\web\CBaseController.php(301): SiteController->endWidget()
#11 C:\Apache2\htdocs\projects\chickboy\protected\views\layouts\column1.php(5): SiteController->endContent()
#12 C:\Apache2\htdocs\yii\framework\web\CBaseController.php(127): require()
#13 C:\Apache2\htdocs\yii\framework\web\CBaseController.php(96): SiteController->renderInternal()
#14 C:\Apache2\htdocs\yii\framework\web\CController.php(785): SiteController->renderFile()
#15 C:\Apache2\htdocs\projects\chickboy\protected\controllers\SiteController.php(32): SiteController->render()
#16 C:\Apache2\htdocs\yii\framework\web\actions\CInlineAction.php(50): SiteController->actionIndex()
#17 C:\Apache2\htdocs\yii\framework\web\CController.php(309): CInlineAction->runWithParams()
#18 C:\Apache2\htdocs\yii\framework\web\CController.php(287): SiteController->runAction()
#19 C:\Apache2\htdocs\yii\framework\web\CController.php(266): SiteController->runActionWithFilters()
#20 C:\Apache2\htdocs\yii\framework\web\CWebApplication.php(276): SiteController->run()
#21 C:\Apache2\htdocs\yii\framework\web\CWebApplication.php(135): CWebApplication->runController()
#22 C:\Apache2\htdocs\yii\framework\base\CApplication.php(162): CWebApplication->processRequest()
#23 C:\Apache2\htdocs\projects\chickboy\index.php(13): CWebApplication->run()
REQUEST_URI=/projects/chickboy/
in C:\Apache2\htdocs\projects\chickboy\protected\extensions\bootstrap\widgets\TbNavbar.php (75)
in C:\Apache2\htdocs\projects\chickboy\protected\views\layouts\main.php (31)
in C:\Apache2\htdocs\projects\chickboy\protected\views\layouts\column1.php (5)
2014/03/24 15:20:42 [error] [php] include(TbArray.php): failed to open stream: No such file or directory (C:\Apache2\htdocs\yii\framework\YiiBase.php:418)
Stack trace:
#0 C:\Apache2\htdocs\projects\chickboy\protected\extensions\bootstrap\widgets\TbNavbar.php(75): spl_autoload_call()
#1 C:\Apache2\htdocs\yii\framework\web\CBaseController.php(148): TbNavbar->init()
#2 C:\Apache2\htdocs\yii\framework\web\CBaseController.php(173): SiteController->createWidget()
#3 C:\Apache2\htdocs\projects\chickboy\protected\views\layouts\main.php(31): SiteController->widget()
#4 C:\Apache2\htdocs\yii\framework\web\CBaseController.php(127): require()
#5 C:\Apache2\htdocs\yii\framework\web\CBaseController.php(96): SiteController->renderInternal()
#6 C:\Apache2\htdocs\yii\framework\web\widgets\CContentDecorator.php(77): SiteController->renderFile()
#7 C:\Apache2\htdocs\yii\framework\web\widgets\CContentDecorator.php(55): CContentDecorator->decorate()
#8 C:\Apache2\htdocs\yii\framework\web\widgets\COutputProcessor.php(45): CContentDecorator->processOutput()
#9 C:\Apache2\htdocs\yii\framework\web\CBaseController.php(207): CContentDecorator->run()
#10 C:\Apache2\htdocs\yii\framework\web\CBaseController.php(301): SiteController->endWidget()
#11 C:\Apache2\htdocs\projects\chickboy\protected\views\layouts\column1.php(5): SiteController->endContent()
#12 C:\Apache2\htdocs\yii\framework\web\CBaseController.php(127): require()
#13 C:\Apache2\htdocs\yii\framework\web\CBaseController.php(96): SiteController->renderInternal()
#14 C:\Apache2\htdocs\yii\framework\web\CController.php(785): SiteController->renderFile()
#15 C:\Apache2\htdocs\projects\chickboy\protected\controllers\SiteController.php(32): SiteController->render()
#16 C:\Apache2\htdocs\yii\framework\web\actions\CInlineAction.php(50): SiteController->actionIndex()
#17 C:\Apache2\htdocs\yii\framework\web\CController.php(309): CInlineAction->runWithParams()
#18 C:\Apache2\htdocs\yii\framework\web\CController.php(287): SiteController->runAction()
#19 C:\Apache2\htdocs\yii\framework\web\CController.php(266): SiteController->runActionWithFilters()
#20 C:\Apache2\htdocs\yii\framework\web\CWebApplication.php(276): SiteController->run()
#21 C:\Apache2\htdocs\yii\framework\web\CWebApplication.php(135): CWebApplication->runController()
#22 C:\Apache2\htdocs\yii\framework\base\CApplication.php(162): CWebApplication->processRequest()
#23 C:\Apache2\htdocs\projects\chickboy\index.php(13): CWebApplication->run()
REQUEST_URI=/projects/chickboy/
in C:\Apache2\htdocs\projects\chickboy\protected\extensions\bootstrap\widgets\TbNavbar.php (75)
in C:\Apache2\htdocs\projects\chickboy\protected\views\layouts\main.php (31)
in C:\Apache2\htdocs\projects\chickboy\protected\views\layouts\column1.php (5)
2014/03/24 15:23:14 [error] [php] include(TbArray.php): failed to open stream: No such file or directory (C:\Apache2\htdocs\yii\framework\YiiBase.php:418)
Stack trace:
#0 C:\Apache2\htdocs\projects\chickboy\protected\extensions\bootstrap\helpers\TbHtml.php(2534): spl_autoload_call()
#1 C:\Apache2\htdocs\projects\chickboy\protected\extensions\bootstrap\helpers\TbHtml.php(2426): btn()
#2 C:\Apache2\htdocs\projects\chickboy\protected\extensions\bootstrap\helpers\TbHtml.php(2415): htmlButton()
#3 C:\Apache2\htdocs\projects\chickboy\themes\bootstrap\views\site\index.php(9): button()
#4 C:\Apache2\htdocs\yii\framework\web\CBaseController.php(127): require()
#5 C:\Apache2\htdocs\yii\framework\web\CBaseController.php(96): SiteController->renderInternal()
#6 C:\Apache2\htdocs\yii\framework\web\CController.php(870): SiteController->renderFile()
#7 C:\Apache2\htdocs\yii\framework\web\CController.php(783): SiteController->renderPartial()
#8 C:\Apache2\htdocs\projects\chickboy\protected\controllers\SiteController.php(32): SiteController->render()
#9 C:\Apache2\htdocs\yii\framework\web\actions\CInlineAction.php(50): SiteController->actionIndex()
#10 C:\Apache2\htdocs\yii\framework\web\CController.php(309): CInlineAction->runWithParams()
#11 C:\Apache2\htdocs\yii\framework\web\CController.php(287): SiteController->runAction()
#12 C:\Apache2\htdocs\yii\framework\web\CController.php(266): SiteController->runActionWithFilters()
#13 C:\Apache2\htdocs\yii\framework\web\CWebApplication.php(276): SiteController->run()
#14 C:\Apache2\htdocs\yii\framework\web\CWebApplication.php(135): CWebApplication->runController()
#15 C:\Apache2\htdocs\yii\framework\base\CApplication.php(162): CWebApplication->processRequest()
#16 C:\Apache2\htdocs\projects\chickboy\index.php(13): CWebApplication->run()
REQUEST_URI=/projects/chickboy/
in C:\Apache2\htdocs\projects\chickboy\protected\extensions\bootstrap\helpers\TbHtml.php (2534)
in C:\Apache2\htdocs\projects\chickboy\protected\extensions\bootstrap\helpers\TbHtml.php (2426)
in C:\Apache2\htdocs\projects\chickboy\protected\extensions\bootstrap\helpers\TbHtml.php (2415)
2014/03/24 15:23:52 [error] [php] include(TbArray.php): failed to open stream: No such file or directory (C:\Apache2\htdocs\yii\framework\YiiBase.php:418)
Stack trace:
#0 C:\Apache2\htdocs\projects\chickboy\protected\extensions\bootstrap\helpers\TbHtml.php(2534): spl_autoload_call()
#1 C:\Apache2\htdocs\projects\chickboy\protected\extensions\bootstrap\helpers\TbHtml.php(2426): btn()
#2 C:\Apache2\htdocs\projects\chickboy\protected\extensions\bootstrap\helpers\TbHtml.php(2415): htmlButton()
#3 C:\Apache2\htdocs\projects\chickboy\themes\bootstrap\views\site\index.php(9): button()
#4 C:\Apache2\htdocs\yii\framework\web\CBaseController.php(127): require()
#5 C:\Apache2\htdocs\yii\framework\web\CBaseController.php(96): SiteController->renderInternal()
#6 C:\Apache2\htdocs\yii\framework\web\CController.php(870): SiteController->renderFile()
#7 C:\Apache2\htdocs\yii\framework\web\CController.php(783): SiteController->renderPartial()
#8 C:\Apache2\htdocs\projects\chickboy\protected\controllers\SiteController.php(32): SiteController->render()
#9 C:\Apache2\htdocs\yii\framework\web\actions\CInlineAction.php(50): SiteController->actionIndex()
#10 C:\Apache2\htdocs\yii\framework\web\CController.php(309): CInlineAction->runWithParams()
#11 C:\Apache2\htdocs\yii\framework\web\CController.php(287): SiteController->runAction()
#12 C:\Apache2\htdocs\yii\framework\web\CController.php(266): SiteController->runActionWithFilters()
#13 C:\Apache2\htdocs\yii\framework\web\CWebApplication.php(276): SiteController->run()
#14 C:\Apache2\htdocs\yii\framework\web\CWebApplication.php(135): CWebApplication->runController()
#15 C:\Apache2\htdocs\yii\framework\base\CApplication.php(162): CWebApplication->processRequest()
#16 C:\Apache2\htdocs\projects\chickboy\index.php(13): CWebApplication->run()
REQUEST_URI=/projects/chickboy/
in C:\Apache2\htdocs\projects\chickboy\protected\extensions\bootstrap\helpers\TbHtml.php (2534)
in C:\Apache2\htdocs\projects\chickboy\protected\extensions\bootstrap\helpers\TbHtml.php (2426)
in C:\Apache2\htdocs\projects\chickboy\protected\extensions\bootstrap\helpers\TbHtml.php (2415)
2014/03/24 15:24:29 [error] [php] include(TbArray.php): failed to open stream: No such file or directory (C:\Apache2\htdocs\yii\framework\YiiBase.php:418)
Stack trace:
#0 C:\Apache2\htdocs\projects\chickboy\protected\extensions\bootstrap\helpers\TbHtml.php(2534): spl_autoload_call()
#1 C:\Apache2\htdocs\projects\chickboy\protected\extensions\bootstrap\helpers\TbHtml.php(2426): btn()
#2 C:\Apache2\htdocs\projects\chickboy\protected\extensions\bootstrap\helpers\TbHtml.php(2415): htmlButton()
#3 C:\Apache2\htdocs\projects\chickboy\themes\bootstrap\views\site\index.php(9): button()
#4 C:\Apache2\htdocs\yii\framework\web\CBaseController.php(127): require()
#5 C:\Apache2\htdocs\yii\framework\web\CBaseController.php(96): SiteController->renderInternal()
#6 C:\Apache2\htdocs\yii\framework\web\CController.php(870): SiteController->renderFile()
#7 C:\Apache2\htdocs\yii\framework\web\CController.php(783): SiteController->renderPartial()
#8 C:\Apache2\htdocs\projects\chickboy\protected\controllers\SiteController.php(32): SiteController->render()
#9 C:\Apache2\htdocs\yii\framework\web\actions\CInlineAction.php(50): SiteController->actionIndex()
#10 C:\Apache2\htdocs\yii\framework\web\CController.php(309): CInlineAction->runWithParams()
#11 C:\Apache2\htdocs\yii\framework\web\CController.php(287): SiteController->runAction()
#12 C:\Apache2\htdocs\yii\framework\web\CController.php(266): SiteController->runActionWithFilters()
#13 C:\Apache2\htdocs\yii\framework\web\CWebApplication.php(276): SiteController->run()
#14 C:\Apache2\htdocs\yii\framework\web\CWebApplication.php(135): CWebApplication->runController()
#15 C:\Apache2\htdocs\yii\framework\base\CApplication.php(162): CWebApplication->processRequest()
#16 C:\Apache2\htdocs\projects\chickboy\index.php(13): CWebApplication->run()
REQUEST_URI=/projects/chickboy/
in C:\Apache2\htdocs\projects\chickboy\protected\extensions\bootstrap\helpers\TbHtml.php (2534)
in C:\Apache2\htdocs\projects\chickboy\protected\extensions\bootstrap\helpers\TbHtml.php (2426)
in C:\Apache2\htdocs\projects\chickboy\protected\extensions\bootstrap\helpers\TbHtml.php (2415)
2014/03/24 15:25:50 [error] [php] include(TbArray.php): failed to open stream: No such file or directory (C:\Apache2\htdocs\yii\framework\YiiBase.php:418)
Stack trace:
#0 C:\Apache2\htdocs\projects\chickboy\protected\extensions\bootstrap\widgets\TbNavbar.php(75): spl_autoload_call()
#1 C:\Apache2\htdocs\yii\framework\web\CBaseController.php(148): TbNavbar->init()
#2 C:\Apache2\htdocs\yii\framework\web\CBaseController.php(173): SiteController->createWidget()
#3 C:\Apache2\htdocs\projects\chickboy\themes\bootstrap\views\layouts\main.php(30): SiteController->widget()
#4 C:\Apache2\htdocs\yii\framework\web\CBaseController.php(127): require()
#5 C:\Apache2\htdocs\yii\framework\web\CBaseController.php(96): SiteController->renderInternal()
#6 C:\Apache2\htdocs\yii\framework\web\widgets\CContentDecorator.php(77): SiteController->renderFile()
#7 C:\Apache2\htdocs\yii\framework\web\widgets\CContentDecorator.php(55): CContentDecorator->decorate()
#8 C:\Apache2\htdocs\yii\framework\web\widgets\COutputProcessor.php(45): CContentDecorator->processOutput()
#9 C:\Apache2\htdocs\yii\framework\web\CBaseController.php(207): CContentDecorator->run()
#10 C:\Apache2\htdocs\yii\framework\web\CBaseController.php(301): SiteController->endWidget()
#11 C:\Apache2\htdocs\projects\chickboy\protected\views\layouts\column1.php(5): SiteController->endContent()
#12 C:\Apache2\htdocs\yii\framework\web\CBaseController.php(127): require()
#13 C:\Apache2\htdocs\yii\framework\web\CBaseController.php(96): SiteController->renderInternal()
#14 C:\Apache2\htdocs\yii\framework\web\CController.php(785): SiteController->renderFile()
#15 C:\Apache2\htdocs\projects\chickboy\protected\controllers\SiteController.php(32): SiteController->render()
#16 C:\Apache2\htdocs\yii\framework\web\actions\CInlineAction.php(50): SiteController->actionIndex()
#17 C:\Apache2\htdocs\yii\framework\web\CController.php(309): CInlineAction->runWithParams()
#18 C:\Apache2\htdocs\yii\framework\web\CController.php(287): SiteController->runAction()
#19 C:\Apache2\htdocs\yii\framework\web\CController.php(266): SiteController->runActionWithFilters()
#20 C:\Apache2\htdocs\yii\framework\web\CWebApplication.php(276): SiteController->run()
#21 C:\Apache2\htdocs\yii\framework\web\CWebApplication.php(135): CWebApplication->runController()
#22 C:\Apache2\htdocs\yii\framework\base\CApplication.php(162): CWebApplication->processRequest()
#23 C:\Apache2\htdocs\projects\chickboy\index.php(13): CWebApplication->run()
REQUEST_URI=/projects/chickboy/
in C:\Apache2\htdocs\projects\chickboy\protected\extensions\bootstrap\widgets\TbNavbar.php (75)
in C:\Apache2\htdocs\projects\chickboy\themes\bootstrap\views\layouts\main.php (30)
in C:\Apache2\htdocs\projects\chickboy\protected\views\layouts\column1.php (5)
2014/03/24 15:27:37 [error] [php] include(TbWidget.php): failed to open stream: No such file or directory (C:\Apache2\htdocs\yii\framework\YiiBase.php:418)
Stack trace:
#0 C:\Apache2\htdocs\projects\chickboy\protected\extensions\bootstrap\widgets\TbNav.php(65): spl_autoload_call()
#1 C:\Apache2\htdocs\yii\framework\web\CBaseController.php(148): TbNav->init()
#2 C:\Apache2\htdocs\yii\framework\web\CBaseController.php(173): SiteController->createWidget()
#3 C:\Apache2\htdocs\projects\chickboy\protected\extensions\bootstrap\widgets\TbNavbar.php(94): SiteController->widget()
#4 C:\Apache2\htdocs\yii\framework\web\CBaseController.php(174): TbNavbar->run()
#5 C:\Apache2\htdocs\projects\chickboy\themes\bootstrap\views\layouts\main.php(30): SiteController->widget()
#6 C:\Apache2\htdocs\yii\framework\web\CBaseController.php(127): require()
#7 C:\Apache2\htdocs\yii\framework\web\CBaseController.php(96): SiteController->renderInternal()
#8 C:\Apache2\htdocs\yii\framework\web\widgets\CContentDecorator.php(77): SiteController->renderFile()
#9 C:\Apache2\htdocs\yii\framework\web\widgets\CContentDecorator.php(55): CContentDecorator->decorate()
#10 C:\Apache2\htdocs\yii\framework\web\widgets\COutputProcessor.php(45): CContentDecorator->processOutput()
#11 C:\Apache2\htdocs\yii\framework\web\CBaseController.php(207): CContentDecorator->run()
#12 C:\Apache2\htdocs\yii\framework\web\CBaseController.php(301): SiteController->endWidget()
#13 C:\Apache2\htdocs\projects\chickboy\protected\views\layouts\column1.php(5): SiteController->endContent()
#14 C:\Apache2\htdocs\yii\framework\web\CBaseController.php(127): require()
#15 C:\Apache2\htdocs\yii\framework\web\CBaseController.php(96): SiteController->renderInternal()
#16 C:\Apache2\htdocs\yii\framework\web\CController.php(785): SiteController->renderFile()
#17 C:\Apache2\htdocs\projects\chickboy\protected\controllers\SiteController.php(32): SiteController->render()
#18 C:\Apache2\htdocs\yii\framework\web\actions\CInlineAction.php(50): SiteController->actionIndex()
#19 C:\Apache2\htdocs\yii\framework\web\CController.php(309): CInlineAction->runWithParams()
#20 C:\Apache2\htdocs\yii\framework\web\CController.php(287): SiteController->runAction()
#21 C:\Apache2\htdocs\yii\framework\web\CController.php(266): SiteController->runActionWithFilters()
#22 C:\Apache2\htdocs\yii\framework\web\CWebApplication.php(276): SiteController->run()
#23 C:\Apache2\htdocs\yii\framework\web\CWebApplication.php(135): CWebApplication->runController()
#24 C:\Apache2\htdocs\yii\framework\base\CApplication.php(162): CWebApplication->processRequest()
#25 C:\Apache2\htdocs\projects\chickboy\index.php(13): CWebApplication->run()
REQUEST_URI=/projects/chickboy/
in C:\Apache2\htdocs\projects\chickboy\protected\extensions\bootstrap\widgets\TbNav.php (65)
in C:\Apache2\htdocs\projects\chickboy\protected\extensions\bootstrap\widgets\TbNavbar.php (94)
in C:\Apache2\htdocs\projects\chickboy\themes\bootstrap\views\layouts\main.php (30)
2014/03/24 15:28:02 [error] [php] include(TbWidget.php): failed to open stream: No such file or directory (C:\Apache2\htdocs\yii\framework\YiiBase.php:418)
Stack trace:
#0 C:\Apache2\htdocs\projects\chickboy\protected\extensions\bootstrap\widgets\TbNav.php(65): spl_autoload_call()
#1 C:\Apache2\htdocs\yii\framework\web\CBaseController.php(148): TbNav->init()
#2 C:\Apache2\htdocs\yii\framework\web\CBaseController.php(173): SiteController->createWidget()
#3 C:\Apache2\htdocs\projects\chickboy\protected\extensions\bootstrap\widgets\TbNavbar.php(94): SiteController->widget()
#4 C:\Apache2\htdocs\yii\framework\web\CBaseController.php(174): TbNavbar->run()
#5 C:\Apache2\htdocs\projects\chickboy\themes\bootstrap\views\layouts\main.php(30): SiteController->widget()
#6 C:\Apache2\htdocs\yii\framework\web\CBaseController.php(127): require()
#7 C:\Apache2\htdocs\yii\framework\web\CBaseController.php(96): SiteController->renderInternal()
#8 C:\Apache2\htdocs\yii\framework\web\widgets\CContentDecorator.php(77): SiteController->renderFile()
#9 C:\Apache2\htdocs\yii\framework\web\widgets\CContentDecorator.php(55): CContentDecorator->decorate()
#10 C:\Apache2\htdocs\yii\framework\web\widgets\COutputProcessor.php(45): CContentDecorator->processOutput()
#11 C:\Apache2\htdocs\yii\framework\web\CBaseController.php(207): CContentDecorator->run()
#12 C:\Apache2\htdocs\yii\framework\web\CBaseController.php(301): SiteController->endWidget()
#13 C:\Apache2\htdocs\projects\chickboy\protected\views\layouts\column1.php(5): SiteController->endContent()
#14 C:\Apache2\htdocs\yii\framework\web\CBaseController.php(127): require()
#15 C:\Apache2\htdocs\yii\framework\web\CBaseController.php(96): SiteController->renderInternal()
#16 C:\Apache2\htdocs\yii\framework\web\CController.php(785): SiteController->renderFile()
#17 C:\Apache2\htdocs\projects\chickboy\protected\controllers\SiteController.php(32): SiteController->render()
#18 C:\Apache2\htdocs\yii\framework\web\actions\CInlineAction.php(50): SiteController->actionIndex()
#19 C:\Apache2\htdocs\yii\framework\web\CController.php(309): CInlineAction->runWithParams()
#20 C:\Apache2\htdocs\yii\framework\web\CController.php(287): SiteController->runAction()
#21 C:\Apache2\htdocs\yii\framework\web\CController.php(266): SiteController->runActionWithFilters()
#22 C:\Apache2\htdocs\yii\framework\web\CWebApplication.php(276): SiteController->run()
#23 C:\Apache2\htdocs\yii\framework\web\CWebApplication.php(135): CWebApplication->runController()
#24 C:\Apache2\htdocs\yii\framework\base\CApplication.php(162): CWebApplication->processRequest()
#25 C:\Apache2\htdocs\projects\chickboy\index.php(13): CWebApplication->run()
REQUEST_URI=/projects/chickboy/
in C:\Apache2\htdocs\projects\chickboy\protected\extensions\bootstrap\widgets\TbNav.php (65)
in C:\Apache2\htdocs\projects\chickboy\protected\extensions\bootstrap\widgets\TbNavbar.php (94)
in C:\Apache2\htdocs\projects\chickboy\themes\bootstrap\views\layouts\main.php (30)
2014/03/24 16:08:58 [error] [exception.CException] exception 'CException' with message 'Property "TbActiveForm.type" is not defined.' in C:\Apache2\htdocs\yii\framework\base\CComponent.php:174
Stack trace:
#0 C:\Apache2\htdocs\yii\framework\web\CWidgetFactory.php(162): CComponent->__set('type', 'horizontal')
#1 C:\Apache2\htdocs\yii\framework\web\CBaseController.php(147): CWidgetFactory->createWidget(Object(SiteController), 'bootstrap.widge...', Array)
#2 C:\Apache2\htdocs\yii\framework\web\CBaseController.php(190): CBaseController->createWidget('bootstrap.widge...', Array)
#3 C:\Apache2\htdocs\projects\chickboy\themes\bootstrap\views\site\login.php(25): CBaseController->beginWidget('bootstrap.widge...', Array)
#4 C:\Apache2\htdocs\yii\framework\web\CBaseController.php(127): require('C:\Apache2\htdo...')
#5 C:\Apache2\htdocs\yii\framework\web\CBaseController.php(96): CBaseController->renderInternal('C:\Apache2\htdo...', Array, true)
#6 C:\Apache2\htdocs\yii\framework\web\CController.php(870): CBaseController->renderFile('C:\Apache2\htdo...', Array, true)
#7 C:\Apache2\htdocs\yii\framework\web\CController.php(783): CController->renderPartial('login', Array, true)
#8 C:\Apache2\htdocs\projects\chickboy\protected\controllers\SiteController.php(92): CController->render('login', Array)
#9 C:\Apache2\htdocs\yii\framework\web\actions\CInlineAction.php(50): SiteController->actionLogin()
#10 C:\Apache2\htdocs\yii\framework\web\CController.php(309): CInlineAction->runWithParams(Array)
#11 C:\Apache2\htdocs\yii\framework\web\CController.php(287): CController->runAction(Object(CInlineAction))
#12 C:\Apache2\htdocs\yii\framework\web\CController.php(266): CController->runActionWithFilters(Object(CInlineAction), Array)
#13 C:\Apache2\htdocs\yii\framework\web\CWebApplication.php(276): CController->run('login')
#14 C:\Apache2\htdocs\yii\framework\web\CWebApplication.php(135): CWebApplication->runController('site/login')
#15 C:\Apache2\htdocs\yii\framework\base\CApplication.php(162): CWebApplication->processRequest()
#16 C:\Apache2\htdocs\projects\chickboy\index.php(13): CApplication->run()
#17 {main}
REQUEST_URI=/projects/chickboy/index.php?r=site/login
HTTP_REFERER=http://localhost/projects/chickboy/
---
2014/03/24 16:09:08 [error] [exception.CException] exception 'CException' with message 'Property "TbActiveForm.type" is not defined.' in C:\Apache2\htdocs\yii\framework\base\CComponent.php:174
Stack trace:
#0 C:\Apache2\htdocs\yii\framework\web\CWidgetFactory.php(162): CComponent->__set('type', 'horizontal')
#1 C:\Apache2\htdocs\yii\framework\web\CBaseController.php(147): CWidgetFactory->createWidget(Object(SiteController), 'bootstrap.widge...', Array)
#2 C:\Apache2\htdocs\yii\framework\web\CBaseController.php(190): CBaseController->createWidget('bootstrap.widge...', Array)
#3 C:\Apache2\htdocs\projects\chickboy\themes\bootstrap\views\site\contact.php(35): CBaseController->beginWidget('bootstrap.widge...', Array)
#4 C:\Apache2\htdocs\yii\framework\web\CBaseController.php(127): require('C:\Apache2\htdo...')
#5 C:\Apache2\htdocs\yii\framework\web\CBaseController.php(96): CBaseController->renderInternal('C:\Apache2\htdo...', Array, true)
#6 C:\Apache2\htdocs\yii\framework\web\CController.php(870): CBaseController->renderFile('C:\Apache2\htdo...', Array, true)
#7 C:\Apache2\htdocs\yii\framework\web\CController.php(783): CController->renderPartial('contact', Array, true)
#8 C:\Apache2\htdocs\projects\chickboy\protected\controllers\SiteController.php(66): CController->render('contact', Array)
#9 C:\Apache2\htdocs\yii\framework\web\actions\CInlineAction.php(50): SiteController->actionContact()
#10 C:\Apache2\htdocs\yii\framework\web\CController.php(309): CInlineAction->runWithParams(Array)
#11 C:\Apache2\htdocs\yii\framework\web\CController.php(287): CController->runAction(Object(CInlineAction))
#12 C:\Apache2\htdocs\yii\framework\web\CController.php(266): CController->runActionWithFilters(Object(CInlineAction), Array)
#13 C:\Apache2\htdocs\yii\framework\web\CWebApplication.php(276): CController->run('contact')
#14 C:\Apache2\htdocs\yii\framework\web\CWebApplication.php(135): CWebApplication->runController('site/contact')
#15 C:\Apache2\htdocs\yii\framework\base\CApplication.php(162): CWebApplication->processRequest()
#16 C:\Apache2\htdocs\projects\chickboy\index.php(13): CApplication->run()
#17 {main}
REQUEST_URI=/projects/chickboy/index.php?r=site/contact
HTTP_REFERER=http://localhost/projects/chickboy/
---
2014/03/24 16:11:56 [error] [exception.CException] exception 'CException' with message 'Property "TbActiveForm.type" is not defined.' in C:\Apache2\htdocs\yii\framework\base\CComponent.php:174
Stack trace:
#0 C:\Apache2\htdocs\yii\framework\web\CWidgetFactory.php(162): CComponent->__set('type', 'horizontal')
#1 C:\Apache2\htdocs\yii\framework\web\CBaseController.php(147): CWidgetFactory->createWidget(Object(SiteController), 'bootstrap.widge...', Array)
#2 C:\Apache2\htdocs\yii\framework\web\CBaseController.php(190): CBaseController->createWidget('bootstrap.widge...', Array)
#3 C:\Apache2\htdocs\projects\chickboy\protected\views\site\contact.php(35): CBaseController->beginWidget('bootstrap.widge...', Array)
#4 C:\Apache2\htdocs\yii\framework\web\CBaseController.php(127): require('C:\Apache2\htdo...')
#5 C:\Apache2\htdocs\yii\framework\web\CBaseController.php(96): CBaseController->renderInternal('C:\Apache2\htdo...', Array, true)
#6 C:\Apache2\htdocs\yii\framework\web\CController.php(870): CBaseController->renderFile('C:\Apache2\htdo...', Array, true)
#7 C:\Apache2\htdocs\yii\framework\web\CController.php(783): CController->renderPartial('contact', Array, true)
#8 C:\Apache2\htdocs\projects\chickboy\protected\controllers\SiteController.php(66): CController->render('contact', Array)
#9 C:\Apache2\htdocs\yii\framework\web\actions\CInlineAction.php(50): SiteController->actionContact()
#10 C:\Apache2\htdocs\yii\framework\web\CController.php(309): CInlineAction->runWithParams(Array)
#11 C:\Apache2\htdocs\yii\framework\web\CController.php(287): CController->runAction(Object(CInlineAction))
#12 C:\Apache2\htdocs\yii\framework\web\CController.php(266): CController->runActionWithFilters(Object(CInlineAction), Array)
#13 C:\Apache2\htdocs\yii\framework\web\CWebApplication.php(276): CController->run('contact')
#14 C:\Apache2\htdocs\yii\framework\web\CWebApplication.php(135): CWebApplication->runController('site/contact')
#15 C:\Apache2\htdocs\yii\framework\base\CApplication.php(162): CWebApplication->processRequest()
#16 C:\Apache2\htdocs\projects\chickboy\index.php(13): CApplication->run()
#17 {main}
REQUEST_URI=/projects/chickboy/index.php?r=site/contact
HTTP_REFERER=http://localhost/projects/chickboy/index.php?r=site/page&view=about
---
2014/03/24 16:11:59 [error] [exception.CException] exception 'CException' with message 'Property "TbActiveForm.type" is not defined.' in C:\Apache2\htdocs\yii\framework\base\CComponent.php:174
Stack trace:
#0 C:\Apache2\htdocs\yii\framework\web\CWidgetFactory.php(162): CComponent->__set('type', 'horizontal')
#1 C:\Apache2\htdocs\yii\framework\web\CBaseController.php(147): CWidgetFactory->createWidget(Object(SiteController), 'bootstrap.widge...', Array)
#2 C:\Apache2\htdocs\yii\framework\web\CBaseController.php(190): CBaseController->createWidget('bootstrap.widge...', Array)
#3 C:\Apache2\htdocs\projects\chickboy\protected\views\site\login.php(25): CBaseController->beginWidget('bootstrap.widge...', Array)
#4 C:\Apache2\htdocs\yii\framework\web\CBaseController.php(127): require('C:\Apache2\htdo...')
#5 C:\Apache2\htdocs\yii\framework\web\CBaseController.php(96): CBaseController->renderInternal('C:\Apache2\htdo...', Array, true)
#6 C:\Apache2\htdocs\yii\framework\web\CController.php(870): CBaseController->renderFile('C:\Apache2\htdo...', Array, true)
#7 C:\Apache2\htdocs\yii\framework\web\CController.php(783): CController->renderPartial('login', Array, true)
#8 C:\Apache2\htdocs\projects\chickboy\protected\controllers\SiteController.php(92): CController->render('login', Array)
#9 C:\Apache2\htdocs\yii\framework\web\actions\CInlineAction.php(50): SiteController->actionLogin()
#10 C:\Apache2\htdocs\yii\framework\web\CController.php(309): CInlineAction->runWithParams(Array)
#11 C:\Apache2\htdocs\yii\framework\web\CController.php(287): CController->runAction(Object(CInlineAction))
#12 C:\Apache2\htdocs\yii\framework\web\CController.php(266): CController->runActionWithFilters(Object(CInlineAction), Array)
#13 C:\Apache2\htdocs\yii\framework\web\CWebApplication.php(276): CController->run('login')
#14 C:\Apache2\htdocs\yii\framework\web\CWebApplication.php(135): CWebApplication->runController('site/login')
#15 C:\Apache2\htdocs\yii\framework\base\CApplication.php(162): CWebApplication->processRequest()
#16 C:\Apache2\htdocs\projects\chickboy\index.php(13): CApplication->run()
#17 {main}
REQUEST_URI=/projects/chickboy/index.php?r=site/login
HTTP_REFERER=http://localhost/projects/chickboy/index.php?r=site/page&view=about
---
2014/03/24 16:13:10 [error] [exception.CException] exception 'CException' with message 'Property "TbActiveForm.type" is not defined.' in C:\Apache2\htdocs\yii\framework\base\CComponent.php:174
Stack trace:
#0 C:\Apache2\htdocs\yii\framework\web\CWidgetFactory.php(162): CComponent->__set('type', 'horizontal')
#1 C:\Apache2\htdocs\yii\framework\web\CBaseController.php(147): CWidgetFactory->createWidget(Object(SiteController), 'bootstrap.widge...', Array)
#2 C:\Apache2\htdocs\yii\framework\web\CBaseController.php(190): CBaseController->createWidget('bootstrap.widge...', Array)
#3 C:\Apache2\htdocs\projects\chickboy\protected\views\site\contact.php(35): CBaseController->beginWidget('bootstrap.widge...', Array)
#4 C:\Apache2\htdocs\yii\framework\web\CBaseController.php(127): require('C:\Apache2\htdo...')
#5 C:\Apache2\htdocs\yii\framework\web\CBaseController.php(96): CBaseController->renderInternal('C:\Apache2\htdo...', Array, true)
#6 C:\Apache2\htdocs\yii\framework\web\CController.php(870): CBaseController->renderFile('C:\Apache2\htdo...', Array, true)
#7 C:\Apache2\htdocs\yii\framework\web\CController.php(783): CController->renderPartial('contact', Array, true)
#8 C:\Apache2\htdocs\projects\chickboy\protected\controllers\SiteController.php(66): CController->render('contact', Array)
#9 C:\Apache2\htdocs\yii\framework\web\actions\CInlineAction.php(50): SiteController->actionContact()
#10 C:\Apache2\htdocs\yii\framework\web\CController.php(309): CInlineAction->runWithParams(Array)
#11 C:\Apache2\htdocs\yii\framework\web\CController.php(287): CController->runAction(Object(CInlineAction))
#12 C:\Apache2\htdocs\yii\framework\web\CController.php(266): CController->runActionWithFilters(Object(CInlineAction), Array)
#13 C:\Apache2\htdocs\yii\framework\web\CWebApplication.php(276): CController->run('contact')
#14 C:\Apache2\htdocs\yii\framework\web\CWebApplication.php(135): CWebApplication->runController('site/contact')
#15 C:\Apache2\htdocs\yii\framework\base\CApplication.php(162): CWebApplication->processRequest()
#16 C:\Apache2\htdocs\projects\chickboy\index.php(13): CApplication->run()
#17 {main}
REQUEST_URI=/projects/chickboy/index.php?r=site/contact
HTTP_REFERER=http://localhost/projects/chickboy/index.php?r=site/page&view=about
---
2014/03/24 16:14:03 [error] [exception.CException] exception 'CException' with message 'Property "TbActiveForm.type" is not defined.' in C:\Apache2\htdocs\yii\framework\base\CComponent.php:174
Stack trace:
#0 C:\Apache2\htdocs\yii\framework\web\CWidgetFactory.php(162): CComponent->__set('type', 'horizontal')
#1 C:\Apache2\htdocs\yii\framework\web\CBaseController.php(147): CWidgetFactory->createWidget(Object(SiteController), 'bootstrap.widge...', Array)
#2 C:\Apache2\htdocs\yii\framework\web\CBaseController.php(190): CBaseController->createWidget('bootstrap.widge...', Array)
#3 C:\Apache2\htdocs\projects\chickboy\protected\views\site\login.php(25): CBaseController->beginWidget('bootstrap.widge...', Array)
#4 C:\Apache2\htdocs\yii\framework\web\CBaseController.php(127): require('C:\Apache2\htdo...')
#5 C:\Apache2\htdocs\yii\framework\web\CBaseController.php(96): CBaseController->renderInternal('C:\Apache2\htdo...', Array, true)
#6 C:\Apache2\htdocs\yii\framework\web\CController.php(870): CBaseController->renderFile('C:\Apache2\htdo...', Array, true)
#7 C:\Apache2\htdocs\yii\framework\web\CController.php(783): CController->renderPartial('login', Array, true)
#8 C:\Apache2\htdocs\projects\chickboy\protected\controllers\SiteController.php(92): CController->render('login', Array)
#9 C:\Apache2\htdocs\yii\framework\web\actions\CInlineAction.php(50): SiteController->actionLogin()
#10 C:\Apache2\htdocs\yii\framework\web\CController.php(309): CInlineAction->runWithParams(Array)
#11 C:\Apache2\htdocs\yii\framework\web\CController.php(287): CController->runAction(Object(CInlineAction))
#12 C:\Apache2\htdocs\yii\framework\web\CController.php(266): CController->runActionWithFilters(Object(CInlineAction), Array)
#13 C:\Apache2\htdocs\yii\framework\web\CWebApplication.php(276): CController->run('login')
#14 C:\Apache2\htdocs\yii\framework\web\CWebApplication.php(135): CWebApplication->runController('site/login')
#15 C:\Apache2\htdocs\yii\framework\base\CApplication.php(162): CWebApplication->processRequest()
#16 C:\Apache2\htdocs\projects\chickboy\index.php(13): CApplication->run()
#17 {main}
REQUEST_URI=/projects/chickboy/index.php?r=site/login
HTTP_REFERER=http://localhost/projects/chickboy/index.php?r=site/page&view=about
---
2014/03/24 16:28:06 [error] [exception.CException] exception 'CException' with message 'TbActiveForm and its behaviors do not have a method or closure named "textFieldRow".' in C:\Apache2\htdocs\yii\framework\base\CComponent.php:266
Stack trace:
#0 C:\Apache2\htdocs\projects\chickboy\protected\views\site\contact.php(41): CComponent->__call('textFieldRow', Array)
#1 C:\Apache2\htdocs\projects\chickboy\protected\views\site\contact.php(41): TbActiveForm->textFieldRow(Object(ContactForm), 'name')
#2 C:\Apache2\htdocs\yii\framework\web\CBaseController.php(127): require('C:\Apache2\htdo...')
#3 C:\Apache2\htdocs\yii\framework\web\CBaseController.php(96): CBaseController->renderInternal('C:\Apache2\htdo...', Array, true)
#4 C:\Apache2\htdocs\yii\framework\web\CController.php(870): CBaseController->renderFile('C:\Apache2\htdo...', Array, true)
#5 C:\Apache2\htdocs\yii\framework\web\CController.php(783): CController->renderPartial('contact', Array, true)
#6 C:\Apache2\htdocs\projects\chickboy\protected\controllers\SiteController.php(66): CController->render('contact', Array)
#7 C:\Apache2\htdocs\yii\framework\web\actions\CInlineAction.php(50): SiteController->actionContact()
#8 C:\Apache2\htdocs\yii\framework\web\CController.php(309): CInlineAction->runWithParams(Array)
#9 C:\Apache2\htdocs\yii\framework\web\CController.php(287): CController->runAction(Object(CInlineAction))
#10 C:\Apache2\htdocs\yii\framework\web\CController.php(266): CController->runActionWithFilters(Object(CInlineAction), Array)
#11 C:\Apache2\htdocs\yii\framework\web\CWebApplication.php(276): CController->run('contact')
#12 C:\Apache2\htdocs\yii\framework\web\CWebApplication.php(135): CWebApplication->runController('site/contact')
#13 C:\Apache2\htdocs\yii\framework\base\CApplication.php(162): CWebApplication->processRequest()
#14 C:\Apache2\htdocs\projects\chickboy\index.php(13): CApplication->run()
#15 {main}
REQUEST_URI=/projects/chickboy/index.php?r=site/contact
HTTP_REFERER=http://localhost/projects/chickboy/index.php?r=site/page&view=about
---
2014/03/24 16:30:09 [error] [exception.CException] exception 'CException' with message 'TbActiveForm and its behaviors do not have a method or closure named "textFieldRow".' in C:\Apache2\htdocs\yii\framework\base\CComponent.php:266
Stack trace:
#0 C:\Apache2\htdocs\projects\chickboy\protected\views\site\contact.php(41): CComponent->__call('textFieldRow', Array)
#1 C:\Apache2\htdocs\projects\chickboy\protected\views\site\contact.php(41): TbActiveForm->textFieldRow(Object(ContactForm), 'name')
#2 C:\Apache2\htdocs\yii\framework\web\CBaseController.php(127): require('C:\Apache2\htdo...')
#3 C:\Apache2\htdocs\yii\framework\web\CBaseController.php(96): CBaseController->renderInternal('C:\Apache2\htdo...', Array, true)
#4 C:\Apache2\htdocs\yii\framework\web\CController.php(870): CBaseController->renderFile('C:\Apache2\htdo...', Array, true)
#5 C:\Apache2\htdocs\yii\framework\web\CController.php(783): CController->renderPartial('contact', Array, true)
#6 C:\Apache2\htdocs\projects\chickboy\protected\controllers\SiteController.php(66): CController->render('contact', Array)
#7 C:\Apache2\htdocs\yii\framework\web\actions\CInlineAction.php(50): SiteController->actionContact()
#8 C:\Apache2\htdocs\yii\framework\web\CController.php(309): CInlineAction->runWithParams(Array)
#9 C:\Apache2\htdocs\yii\framework\web\CController.php(287): CController->runAction(Object(CInlineAction))
#10 C:\Apache2\htdocs\yii\framework\web\CController.php(266): CController->runActionWithFilters(Object(CInlineAction), Array)
#11 C:\Apache2\htdocs\yii\framework\web\CWebApplication.php(276): CController->run('contact')
#12 C:\Apache2\htdocs\yii\framework\web\CWebApplication.php(135): CWebApplication->runController('site/contact')
#13 C:\Apache2\htdocs\yii\framework\base\CApplication.php(162): CWebApplication->processRequest()
#14 C:\Apache2\htdocs\projects\chickboy\index.php(13): CApplication->run()
#15 {main}
REQUEST_URI=/projects/chickboy/index.php?r=site/contact
HTTP_REFERER=http://localhost/projects/chickboy/index.php?r=site/page&view=about
---
2014/03/24 16:30:13 [error] [exception.CException] exception 'CException' with message 'TbActiveForm and its behaviors do not have a method or closure named "textFieldRow".' in C:\Apache2\htdocs\yii\framework\base\CComponent.php:266
Stack trace:
#0 C:\Apache2\htdocs\projects\chickboy\protected\views\site\login.php(29): CComponent->__call('textFieldRow', Array)
#1 C:\Apache2\htdocs\projects\chickboy\protected\views\site\login.php(29): TbActiveForm->textFieldRow(Object(LoginForm), 'username')
#2 C:\Apache2\htdocs\yii\framework\web\CBaseController.php(127): require('C:\Apache2\htdo...')
#3 C:\Apache2\htdocs\yii\framework\web\CBaseController.php(96): CBaseController->renderInternal('C:\Apache2\htdo...', Array, true)
#4 C:\Apache2\htdocs\yii\framework\web\CController.php(870): CBaseController->renderFile('C:\Apache2\htdo...', Array, true)
#5 C:\Apache2\htdocs\yii\framework\web\CController.php(783): CController->renderPartial('login', Array, true)
#6 C:\Apache2\htdocs\projects\chickboy\protected\controllers\SiteController.php(92): CController->render('login', Array)
#7 C:\Apache2\htdocs\yii\framework\web\actions\CInlineAction.php(50): SiteController->actionLogin()
#8 C:\Apache2\htdocs\yii\framework\web\CController.php(309): CInlineAction->runWithParams(Array)
#9 C:\Apache2\htdocs\yii\framework\web\CController.php(287): CController->runAction(Object(CInlineAction))
#10 C:\Apache2\htdocs\yii\framework\web\CController.php(266): CController->runActionWithFilters(Object(CInlineAction), Array)
#11 C:\Apache2\htdocs\yii\framework\web\CWebApplication.php(276): CController->run('login')
#12 C:\Apache2\htdocs\yii\framework\web\CWebApplication.php(135): CWebApplication->runController('site/login')
#13 C:\Apache2\htdocs\yii\framework\base\CApplication.php(162): CWebApplication->processRequest()
#14 C:\Apache2\htdocs\projects\chickboy\index.php(13): CApplication->run()
#15 {main}
REQUEST_URI=/projects/chickboy/index.php?r=site/login
HTTP_REFERER=http://localhost/projects/chickboy/index.php?r=site/page&view=about
---
2014/03/24 16:30:51 [error] [exception.CException] exception 'CException' with message 'TbActiveForm and its behaviors do not have a method or closure named "captchaRow".' in C:\Apache2\htdocs\yii\framework\base\CComponent.php:266
Stack trace:
#0 C:\Apache2\htdocs\projects\chickboy\protected\views\site\contact.php(52): CComponent->__call('captchaRow', Array)
#1 C:\Apache2\htdocs\projects\chickboy\protected\views\site\contact.php(52): TbActiveForm->captchaRow(Object(ContactForm), 'verifyCode', Array)
#2 C:\Apache2\htdocs\yii\framework\web\CBaseController.php(127): require('C:\Apache2\htdo...')
#3 C:\Apache2\htdocs\yii\framework\web\CBaseController.php(96): CBaseController->renderInternal('C:\Apache2\htdo...', Array, true)
#4 C:\Apache2\htdocs\yii\framework\web\CController.php(870): CBaseController->renderFile('C:\Apache2\htdo...', Array, true)
#5 C:\Apache2\htdocs\yii\framework\web\CController.php(783): CController->renderPartial('contact', Array, true)
#6 C:\Apache2\htdocs\projects\chickboy\protected\controllers\SiteController.php(66): CController->render('contact', Array)
#7 C:\Apache2\htdocs\yii\framework\web\actions\CInlineAction.php(50): SiteController->actionContact()
#8 C:\Apache2\htdocs\yii\framework\web\CController.php(309): CInlineAction->runWithParams(Array)
#9 C:\Apache2\htdocs\yii\framework\web\CController.php(287): CController->runAction(Object(CInlineAction))
#10 C:\Apache2\htdocs\yii\framework\web\CController.php(266): CController->runActionWithFilters(Object(CInlineAction), Array)
#11 C:\Apache2\htdocs\yii\framework\web\CWebApplication.php(276): CController->run('contact')
#12 C:\Apache2\htdocs\yii\framework\web\CWebApplication.php(135): CWebApplication->runController('site/contact')
#13 C:\Apache2\htdocs\yii\framework\base\CApplication.php(162): CWebApplication->processRequest()
#14 C:\Apache2\htdocs\projects\chickboy\index.php(13): CApplication->run()
#15 {main}
REQUEST_URI=/projects/chickboy/index.php?r=site/contact
HTTP_REFERER=http://localhost/projects/chickboy/index.php?r=site/page&view=about
---
2014/03/24 16:31:25 [error] [exception.CException] exception 'CException' with message 'Alias "bootstrap.widgets.TbButton" is invalid. Make sure it points to an existing PHP file.' in C:\Apache2\htdocs\yii\framework\YiiBase.php:318
Stack trace:
#0 C:\Apache2\htdocs\yii\framework\web\CWidgetFactory.php(147): YiiBase::import('bootstrap.widge...', true)
#1 C:\Apache2\htdocs\yii\framework\web\CBaseController.php(147): CWidgetFactory->createWidget(Object(SiteController), 'bootstrap.widge...', Array)
#2 C:\Apache2\htdocs\yii\framework\web\CBaseController.php(173): CBaseController->createWidget('bootstrap.widge...', Array)
#3 C:\Apache2\htdocs\projects\chickboy\protected\views\site\contact.php(55): CBaseController->widget('bootstrap.widge...', Array)
#4 C:\Apache2\htdocs\yii\framework\web\CBaseController.php(127): require('C:\Apache2\htdo...')
#5 C:\Apache2\htdocs\yii\framework\web\CBaseController.php(96): CBaseController->renderInternal('C:\Apache2\htdo...', Array, true)
#6 C:\Apache2\htdocs\yii\framework\web\CController.php(870): CBaseController->renderFile('C:\Apache2\htdo...', Array, true)
#7 C:\Apache2\htdocs\yii\framework\web\CController.php(783): CController->renderPartial('contact', Array, true)
#8 C:\Apache2\htdocs\projects\chickboy\protected\controllers\SiteController.php(66): CController->render('contact', Array)
#9 C:\Apache2\htdocs\yii\framework\web\actions\CInlineAction.php(50): SiteController->actionContact()
#10 C:\Apache2\htdocs\yii\framework\web\CController.php(309): CInlineAction->runWithParams(Array)
#11 C:\Apache2\htdocs\yii\framework\web\CController.php(287): CController->runAction(Object(CInlineAction))
#12 C:\Apache2\htdocs\yii\framework\web\CController.php(266): CController->runActionWithFilters(Object(CInlineAction), Array)
#13 C:\Apache2\htdocs\yii\framework\web\CWebApplication.php(276): CController->run('contact')
#14 C:\Apache2\htdocs\yii\framework\web\CWebApplication.php(135): CWebApplication->runController('site/contact')
#15 C:\Apache2\htdocs\yii\framework\base\CApplication.php(162): CWebApplication->processRequest()
#16 C:\Apache2\htdocs\projects\chickboy\index.php(13): CApplication->run()
#17 {main}
REQUEST_URI=/projects/chickboy/index.php?r=site/contact
HTTP_REFERER=http://localhost/projects/chickboy/index.php?r=site/page&view=about
---
2014/03/24 16:34:20 [error] [exception.CException] exception 'CException' with message 'TbActiveForm and its behaviors do not have a method or closure named "textFieldRow".' in C:\Apache2\htdocs\yii\framework\base\CComponent.php:266
Stack trace:
#0 C:\Apache2\htdocs\projects\chickboy\protected\views\site\login.php(29): CComponent->__call('textFieldRow', Array)
#1 C:\Apache2\htdocs\projects\chickboy\protected\views\site\login.php(29): TbActiveForm->textFieldRow(Object(LoginForm), 'username')
#2 C:\Apache2\htdocs\yii\framework\web\CBaseController.php(127): require('C:\Apache2\htdo...')
#3 C:\Apache2\htdocs\yii\framework\web\CBaseController.php(96): CBaseController->renderInternal('C:\Apache2\htdo...', Array, true)
#4 C:\Apache2\htdocs\yii\framework\web\CController.php(870): CBaseController->renderFile('C:\Apache2\htdo...', Array, true)
#5 C:\Apache2\htdocs\yii\framework\web\CController.php(783): CController->renderPartial('login', Array, true)
#6 C:\Apache2\htdocs\projects\chickboy\protected\controllers\SiteController.php(92): CController->render('login', Array)
#7 C:\Apache2\htdocs\yii\framework\web\actions\CInlineAction.php(50): SiteController->actionLogin()
#8 C:\Apache2\htdocs\yii\framework\web\CController.php(309): CInlineAction->runWithParams(Array)
#9 C:\Apache2\htdocs\yii\framework\web\CController.php(287): CController->runAction(Object(CInlineAction))
#10 C:\Apache2\htdocs\yii\framework\web\CController.php(266): CController->runActionWithFilters(Object(CInlineAction), Array)
#11 C:\Apache2\htdocs\yii\framework\web\CWebApplication.php(276): CController->run('login')
#12 C:\Apache2\htdocs\yii\framework\web\CWebApplication.php(135): CWebApplication->runController('site/login')
#13 C:\Apache2\htdocs\yii\framework\base\CApplication.php(162): CWebApplication->processRequest()
#14 C:\Apache2\htdocs\projects\chickboy\index.php(13): CApplication->run()
#15 {main}
REQUEST_URI=/projects/chickboy/index.php?r=site/login
HTTP_REFERER=http://localhost/projects/chickboy/index.php?r=site/contact
---
